{"/Users/ren/IdeaProjects/starter-series/mcp-server-starter/dist/helpers.js": {"path":"/Users/ren/IdeaProjects/starter-series/mcp-server-starter/dist/helpers.js","statementMap":{"0":{"start":{"line":6,"column":17},"end":{"line":6,"column":71}},"1":{"start":{"line":7,"column":4},"end":{"line":9,"column":6}},"2":{"start":{"line":12,"column":4},"end":{"line":15,"column":6}}},"fnMap":{"0":{"name":"ok","decl":{"start":{"line":5,"column":16},"end":{"line":5,"column":18}},"loc":{"start":{"line":5,"column":25},"end":{"line":10,"column":1}},"line":5},"1":{"name":"err","decl":{"start":{"line":11,"column":16},"end":{"line":11,"column":19}},"loc":{"start":{"line":11,"column":29},"end":{"line":16,"column":1}},"line":11}},"branchMap":{"0":{"loc":{"start":{"line":6,"column":17},"end":{"line":6,"column":71}},"type":"cond-expr","locations":[{"start":{"line":6,"column":44},"end":{"line":6,"column":48}},{"start":{"line":6,"column":51},"end":{"line":6,"column":71}}],"line":6}},"s":{"0":3,"1":3,"2":1},"f":{"0":3,"1":1},"b":{"0":[3,0]},"inputSourceMap":null,"_coverageSchema":"1a1c01bbd47fc00a2c39e90264f33305004495a9","hash":"4fd801967bca7c182c16b7dbfe3ddcd2343fcb09"}
,"/Users/ren/IdeaProjects/starter-series/mcp-server-starter/dist/prompts/code-review.js": {"path":"/Users/ren/IdeaProjects/starter-series/mcp-server-starter/dist/prompts/code-review.js","statementMap":{"0":{"start":{"line":8,"column":20},"end":{"line":8,"column":33}},"1":{"start":{"line":9,"column":21},"end":{"line":9,"column":34}},"2":{"start":{"line":10,"column":27},"end":{"line":10,"column":93}},"3":{"start":{"line":11,"column":26},"end":{"line":16,"column":1}},"4":{"start":{"line":17,"column":22},"end":{"line":22,"column":1}},"5":{"start":{"line":24,"column":18},"end":{"line":24,"column":41}},"6":{"start":{"line":25,"column":4},"end":{"line":36,"column":6}}},"fnMap":{"0":{"name":"handler","decl":{"start":{"line":23,"column":16},"end":{"line":23,"column":23}},"loc":{"start":{"line":23,"column":45},"end":{"line":37,"column":1}},"line":23}},"branchMap":{},"s":{"0":1,"1":1,"2":1,"3":1,"4":1,"5":4,"6":4},"f":{"0":4},"b":{},"inputSourceMap":null,"_coverageSchema":"1a1c01bbd47fc00a2c39e90264f33305004495a9","hash":"c05f77c270573bc0991fcc24d109221d36bae432"}
,"/Users/ren/IdeaProjects/starter-series/mcp-server-starter/dist/prompts/hello.js": {"path":"/Users/ren/IdeaProjects/starter-series/mcp-server-starter/dist/prompts/hello.js","statementMap":{"0":{"start":{"line":2,"column":20},"end":{"line":2,"column":27}},"1":{"start":{"line":3,"column":27},"end":{"line":3,"column":65}},"2":{"start":{"line":4,"column":22},"end":{"line":6,"column":1}},"3":{"start":{"line":7,"column":18},"end":{"line":11,"column":1}},"4":{"start":{"line":13,"column":17},"end":{"line":13,"column":33}},"5":{"start":{"line":14,"column":4},"end":{"line":22,"column":6}}},"fnMap":{"0":{"name":"handler","decl":{"start":{"line":12,"column":16},"end":{"line":12,"column":23}},"loc":{"start":{"line":12,"column":38},"end":{"line":23,"column":1}},"line":12}},"branchMap":{"0":{"loc":{"start":{"line":13,"column":17},"end":{"line":13,"column":33}},"type":"binary-expr","locations":[{"start":{"line":13,"column":17},"end":{"line":13,"column":25}},{"start":{"line":13,"column":29},"end":{"line":13,"column":33}}],"line":13},"1":{"loc":{"start":{"line":19,"column":47},"end":{"line":19,"column":78}},"type":"binary-expr","locations":[{"start":{"line":19,"column":47},"end":{"line":19,"column":62}},{"start":{"line":19,"column":66},"end":{"line":19,"column":78}}],"line":19}},"s":{"0":1,"1":1,"2":1,"3":1,"4":4,"5":4},"f":{"0":4},"b":{"0":[4,2],"1":[4,0]},"inputSourceMap":null,"_coverageSchema":"1a1c01bbd47fc00a2c39e90264f33305004495a9","hash":"743e8139e5356f98b307e68b52a47ac343291d73"}
,"/Users/ren/IdeaProjects/starter-series/mcp-server-starter/dist/resources/server-info.js": {"path":"/Users/ren/IdeaProjects/starter-series/mcp-server-starter/dist/resources/server-info.js","statementMap":{"0":{"start":{"line":7,"column":16},"end":{"line":7,"column":46}},"1":{"start":{"line":8,"column":12},"end":{"line":8,"column":41}},"2":{"start":{"line":9,"column":20},"end":{"line":9,"column":33}},"3":{"start":{"line":10,"column":19},"end":{"line":10,"column":41}},"4":{"start":{"line":11,"column":24},"end":{"line":15,"column":1}},"5":{"start":{"line":16,"column":27},"end":{"line":16,"column":47}},"6":{"start":{"line":18,"column":20},"end":{"line":26,"column":5}},"7":{"start":{"line":27,"column":4},"end":{"line":35,"column":6}}},"fnMap":{"0":{"name":"handler","decl":{"start":{"line":17,"column":22},"end":{"line":17,"column":29}},"loc":{"start":{"line":17,"column":43},"end":{"line":36,"column":1}},"line":17}},"branchMap":{},"s":{"0":1,"1":1,"2":1,"3":1,"4":1,"5":1,"6":1,"7":1},"f":{"0":1},"b":{},"inputSourceMap":null,"_coverageSchema":"1a1c01bbd47fc00a2c39e90264f33305004495a9","hash":"933d987119b6d53d34c785cd6f9a8510f9593408"}
,"/Users/ren/IdeaProjects/starter-series/mcp-server-starter/dist/tools/greet.js": {"path":"/Users/ren/IdeaProjects/starter-series/mcp-server-starter/dist/tools/greet.js","statementMap":{"0":{"start":{"line":3,"column":20},"end":{"line":3,"column":27}},"1":{"start":{"line":4,"column":22},"end":{"line":16,"column":1}},"2":{"start":{"line":18,"column":4},"end":{"line":18,"column":33}}},"fnMap":{"0":{"name":"handler","decl":{"start":{"line":17,"column":22},"end":{"line":17,"column":29}},"loc":{"start":{"line":17,"column":40},"end":{"line":19,"column":1}},"line":17}},"branchMap":{},"s":{"0":1,"1":1,"2":2},"f":{"0":2},"b":{},"inputSourceMap":null,"_coverageSchema":"1a1c01bbd47fc00a2c39e90264f33305004495a9","hash":"a7eef6d1035f399b312ad96ea6111bef86164270"}
}
