TN:
SF:dist/helpers.js
FN:5,ok
FN:11,err
FNF:2
FNH:2
FNDA:3,ok
FNDA:1,err
DA:6,3
DA:7,3
DA:12,1
LF:3
LH:3
BRDA:6,0,0,3
BRDA:6,0,1,0
BRF:2
BRH:1
end_of_record
TN:
SF:dist/prompts/code-review.js
FN:23,handler
FNF:1
FNH:1
FNDA:4,handler
DA:8,1
DA:9,1
DA:10,1
DA:11,1
DA:17,1
DA:24,4
DA:25,4
LF:7
LH:7
BRF:0
BRH:0
end_of_record
TN:
SF:dist/prompts/hello.js
FN:12,handler
FNF:1
FNH:1
FNDA:4,handler
DA:2,1
DA:3,1
DA:4,1
DA:7,1
DA:13,4
DA:14,4
LF:6
LH:6
BRDA:13,0,0,4
BRDA:13,0,1,2
BRDA:19,1,0,4
BRDA:19,1,1,0
BRF:4
BRH:3
end_of_record
TN:
SF:dist/resources/server-info.js
FN:17,handler
FNF:1
FNH:1
FNDA:1,handler
DA:7,1
DA:8,1
DA:9,1
DA:10,1
DA:11,1
DA:16,1
DA:18,1
DA:27,1
LF:8
LH:8
BRF:0
BRH:0
end_of_record
TN:
SF:dist/tools/greet.js
FN:17,handler
FNF:1
FNH:1
FNDA:2,handler
DA:3,1
DA:4,1
DA:18,2
LF:3
LH:3
BRF:0
BRH:0
end_of_record
